<?xml version="1.0" encoding="utf-8"?><testsuites name="pytest tests"><testsuite name="pytest" errors="0" failures="0" skipped="0" tests="480" time="9.046" timestamp="2026-09-03T16:31:51.125016+08:00" hostname="ZHOU-PC"><testcase classname="tests.test_agentic_schema.CandidateAbilitySchemaTests" name="test_candidate_id_cannot_be_empty" time="0.122" /><testcase classname="tests.test_agentic_schema.CandidateAbilitySchemaTests" name="test_confidence_must_be_between_zero_and_one" time="0.003" /><testcase classname="tests.test_agentic_schema.CandidateAbilitySchemaTests" name="test_confidence_rejects_non_finite_values" time="0.001" /><testcase classname="tests.test_agentic_schema.CandidateAbilitySchemaTests" name="test_evidence_must_be_a_list_of_structured_items" time="0.001" /><testcase classname="tests.test_agentic_schema.CandidateAbilitySchemaTests" name="test_evidence_rejects_invalid_spans" time="0.002" /><testcase classname="tests.test_agentic_schema.CandidateAbilitySchemaTests" name="test_invalid_enum_is_rejected" time="0.001" /><testcase classname="tests.test_agentic_schema.CandidateAbilitySchemaTests" name="test_json_serialization_round_trip_is_complete" time="0.003" /><testcase classname="tests.test_agentic_schema.CandidateAbilitySchemaTests" name="test_lineage_rejects_duplicate_and_empty_ids" time="0.001" /><testcase classname="tests.test_agentic_schema.CandidateAbilitySchemaTests" name="test_missing_lineage_is_recovered_but_explicit_missing_id_is_rejected" time="0.001" /><testcase classname="tests.test_agentic_schema.CandidateAbilitySchemaTests" name="test_missing_required_field_is_rejected" time="0.001" /><testcase classname="tests.test_agentic_schema.CandidateAbilitySchemaTests" name="test_parent_candidate_id_cannot_equal_candidate_id" time="0.001" /><testcase classname="tests.test_agentic_schema.CandidateAbilitySchemaTests" name="test_revision_round_cannot_exceed_one" time="0.001" /><testcase classname="tests.test_agentic_schema.CandidateAbilitySchemaTests" name="test_revision_round_rejects_boolean_values" time="0.001" /><testcase classname="tests.test_agentic_schema.CandidateAbilitySchemaTests" name="test_unknown_field_is_rejected" time="0.001" /><testcase classname="tests.test_agentic_schema.CandidateAbilitySchemaTests" name="test_valid_candidate_round_trip" time="0.001" /><testcase classname="tests.test_agentic_schema.ReviewResultSchemaTests" name="test_failed_review_requires_an_error" time="0.001" /><testcase classname="tests.test_agentic_schema.ReviewResultSchemaTests" name="test_invalid_review_enums_are_rejected" time="0.001" /><testcase classname="tests.test_agentic_schema.ReviewResultSchemaTests" name="test_passed_review_must_be_keep_without_errors" time="0.001" /><testcase classname="tests.test_agentic_schema.ReviewResultSchemaTests" name="test_target_ability_rejects_blank_string" time="0.001" /><testcase classname="tests.test_agentic_schema.ReviewResultSchemaTests" name="test_valid_failed_review" time="0.001" /><testcase classname="tests.test_api" name="test_health_without_llm_configuration" time="0.017" /><testcase classname="tests.test_api" name="test_health_with_llm_configuration_does_not_call_llm" time="0.003" /><testcase classname="tests.test_api" name="test_candidate_preflight_without_llm" time="0.025" /><testcase classname="tests.test_api" name="test_real_target_job_133663124" time="0.089" /><testcase classname="tests.test_api" name="test_matching_manual_proficiency_not_calibrated" time="0.088" /><testcase classname="tests.test_api" name="test_learning_path_manual_proficiency" time="0.095" /><testcase classname="tests.test_api" name="test_job_catalog_search" time="0.084" /><testcase classname="tests.test_api" name="test_candidate_response_v11_full_resume_keeps_compatibility" time="0.034" /><testcase classname="tests.test_api" name="test_candidate_segment_text_uses_exact_canonical_offsets" time="0.018" /><testcase classname="tests.test_api" name="test_candidate_endpoint_response_has_v11_fields" time="0.004" /><testcase classname="tests.test_api" name="test_aggregated_job_summary_aid_01" time="0.107" /><testcase classname="tests.test_api" name="test_aggregated_job_summary_manual_skill_recount" time="0.077" /><testcase classname="tests.test_api" name="test_aggregated_job_summary_unknown_code_is_404" time="0.003" /><testcase classname="tests.test_backend_closeout" name="test_threshold_parse[None-None]" time="0.001" /><testcase classname="tests.test_backend_closeout" name="test_threshold_parse[-None]" time="0.001" /><testcase classname="tests.test_backend_closeout" name="test_threshold_parse[  -None]" time="0.001" /><testcase classname="tests.test_backend_closeout" name="test_threshold_parse[0-0]" time="0.001" /><testcase classname="tests.test_backend_closeout" name="test_threshold_parse[1-1]" time="0.001" /><testcase classname="tests.test_backend_closeout" name="test_threshold_parse[0.380952-0.380952]" time="0.001" /><testcase classname="tests.test_backend_closeout" name="test_invalid_threshold_fail_closed_and_health_stays_200[garbage]" time="0.086" /><testcase classname="tests.test_backend_closeout" name="test_invalid_threshold_fail_closed_and_health_stays_200[38.0952]" time="0.089" /><testcase classname="tests.test_backend_closeout" name="test_invalid_threshold_fail_closed_and_health_stays_200[-0.1]" time="0.087" /><testcase classname="tests.test_backend_closeout" name="test_invalid_threshold_fail_closed_and_health_stays_200[1.1]" time="0.087" /><testcase classname="tests.test_backend_closeout" name="test_invalid_threshold_fail_closed_and_health_stays_200[nan]" time="0.087" /><testcase classname="tests.test_backend_closeout" name="test_invalid_threshold_fail_closed_and_health_stays_200[inf]" time="0.086" /><testcase classname="tests.test_backend_closeout" name="test_calibrated_health_and_public_freeze" time="0.006" /><testcase classname="tests.test_backend_closeout" name="test_exact_frozen_threshold_comparison[47618-NO_MATCH]" time="0.505" /><testcase classname="tests.test_backend_closeout" name="test_exact_frozen_threshold_comparison[47619-MATCH]" time="0.485" /><testcase classname="tests.test_backend_closeout" name="test_exact_frozen_threshold_comparison[47620-MATCH]" time="0.507" /><testcase classname="tests.test_backend_closeout" name="test_llm_readiness_is_local[-m-https://example.invalid/chat/completions--False]" time="0.005" /><testcase classname="tests.test_backend_closeout" name="test_llm_readiness_is_local[test-only--https://example.invalid/chat/completions--False]" time="0.004" /><testcase classname="tests.test_backend_closeout" name="test_llm_readiness_is_local[test-only-m---False]" time="0.003" /><testcase classname="tests.test_backend_closeout" name="test_llm_readiness_is_local[test-only-m-file:///tmp/key--False]" time="0.004" /><testcase classname="tests.test_backend_closeout" name="test_llm_readiness_is_local[test-only-m-http://[invalid--False]" time="0.004" /><testcase classname="tests.test_backend_closeout" name="test_llm_readiness_is_local[test-only-m-https://example.invalid/chat/completions--True]" time="0.004" /><testcase classname="tests.test_backend_closeout" name="test_llm_readiness_is_local[test-only-m--https://example.invalid/v1-True]" time="0.004" /><testcase classname="tests.test_backend_closeout" name="test_llm_readiness_is_local[test-only-m--https://example.invalid/chat/completions-True]" time="0.004" /><testcase classname="tests.test_backend_closeout" name="test_llm_readiness_is_local[test-only-m--https://example.invalid-True]" time="0.004" /><testcase classname="tests.test_backend_closeout" name="test_proficiency_absent_target_ids_filtered_before_frozen_bridge" time="0.001" /><testcase classname="tests.test_backend_closeout" name="test_no_eligible_proficiency_never_calls_llm" time="0.001" /><testcase classname="tests.test_backend_closeout" name="test_missing_proficiency_config_fails_closed" time="0.001" /><testcase classname="tests.test_backend_closeout" name="test_evaluator_constructs_frozen_components_without_request" time="0.010" /><testcase classname="tests.test_backend_closeout" name="test_auto_proficiency_matching_then_reuse_for_learning" time="0.245" /><testcase classname="tests.test_backend_closeout" name="test_malformed_requests[/api/match]" time="0.019" /><testcase classname="tests.test_backend_closeout" name="test_malformed_requests[/api/learning-path]" time="0.010" /><testcase classname="tests.test_backend_closeout" name="test_runtime_errors_are_502[/api/match-run_matching]" time="0.003" /><testcase classname="tests.test_backend_closeout" name="test_runtime_errors_are_502[/api/learning-path-run_learning_path]" time="0.003" /><testcase classname="tests.test_backend_closeout" name="test_target_selectors_and_errors" time="0.233" /><testcase classname="tests.test_backend_closeout" name="test_bad_candidate_upload[bad.exe-x-400]" time="0.065" /><testcase classname="tests.test_backend_closeout" name="test_bad_candidate_upload[empty.txt--400]" time="0.004" /><testcase classname="tests.test_backend_closeout" name="test_oversized_upload" time="0.003" /><testcase classname="tests.test_backend_closeout" name="test_candidate_runtime_failure_is_502" time="0.004" /><testcase classname="tests.test_backend_closeout" name="test_candidate_subprocess_fail_closed[timeout]" time="0.004" /><testcase classname="tests.test_backend_closeout" name="test_candidate_subprocess_fail_closed[nonzero]" time="0.004" /><testcase classname="tests.test_backend_closeout" name="test_candidate_subprocess_fail_closed[missing_output]" time="0.004" /><testcase classname="tests.test_backend_closeout" name="test_source_segments_reject_bad_metadata" time="0.001" /><testcase classname="tests.test_backend_closeout" name="test_job_summary_presence_contract[x|x]" time="0.001" /><testcase classname="tests.test_backend_closeout" name="test_job_summary_presence_contract[unknown]" time="0.001" /><testcase classname="tests.test_backend_closeout" name="test_job_summary_level_contract[x]" time="0.001" /><testcase classname="tests.test_backend_closeout" name="test_job_summary_level_contract[x:P9]" time="0.001" /><testcase classname="tests.test_backend_closeout" name="test_job_summary_level_contract[x:P2;x:P2]" time="0.001" /><testcase classname="tests.test_backend_closeout" name="test_candidate_pdf_preflight_from_delivery" time="0.367" /><testcase classname="tests.test_candidate_runtime_contracts" name="test_frozen_evidence_to_profile_chain" time="0.003" /><testcase classname="tests.test_candidate_runtime_contracts" name="test_extraction_contract_fail_closed[[]]" time="0.001" /><testcase classname="tests.test_candidate_runtime_contracts" name="test_extraction_contract_fail_closed[explanation {}]" time="0.001" /><testcase classname="tests.test_candidate_runtime_contracts" name="test_extraction_contract_fail_closed[{&quot;candidates&quot;:[],&quot;extra&quot;:true}]" time="0.001" /><testcase classname="tests.test_candidate_runtime_contracts" name="test_extraction_contract_fail_closed[{&quot;candidates&quot;:null}]" time="0.001" /><testcase classname="tests.test_candidate_runtime_contracts" name="test_extraction_contract_fail_closed[{&quot;candidates&quot;:[{}]}]" time="0.001" /><testcase classname="tests.test_candidate_runtime_contracts" name="test_extraction_contract_fail_closed[{&quot;candidates&quot;:[],&quot;candidates&quot;:[]}]" time="0.001" /><testcase classname="tests.test_candidate_runtime_contracts" name="test_grounding_never_invents_spans[Python  \u5f00\u53d1-Python\n\u5f00\u53d1-True]" time="0.001" /><testcase classname="tests.test_candidate_runtime_contracts" name="test_grounding_never_invents_spans[\u4e0d\u5b58\u5728-Python\u5f00\u53d1-False]" time="0.001" /><testcase classname="tests.test_candidate_runtime_contracts" name="test_grounding_never_invents_spans[Python \u5f00\u53d1-Python\n\u5f00\u53d1\uff1bPython\t\u5f00\u53d1-False]" time="0.001" /><testcase classname="tests.test_candidate_runtime_contracts" name="test_grounding_never_invents_spans[Python\u5f00\u53d1-Python\u5f00\u53d1-True]" time="0.001" /><testcase classname="tests.test_candidate_runtime_contracts" name="test_verifier_rejects_invalid_evidence_indices[supported-indices0]" time="0.001" /><testcase classname="tests.test_candidate_runtime_contracts" name="test_verifier_rejects_invalid_evidence_indices[unsupported-indices1]" time="0.001" /><testcase classname="tests.test_candidate_runtime_contracts" name="test_verifier_rejects_invalid_evidence_indices[supported-indices2]" time="0.001" /><testcase classname="tests.test_candidate_runtime_contracts" name="test_verifier_rejects_invalid_evidence_indices[supported-indices3]" time="0.001" /><testcase classname="tests.test_candidate_runtime_contracts" name="test_selector_allowed_ids_only" time="0.001" /><testcase classname="tests.test_candidate_runtime_contracts" name="test_segmentation_preserves_source_and_mentions_are_display_only" time="0.001" /><testcase classname="tests.test_document_parser_v3.DocumentParserV3Tests" name="test_docx_preserves_paragraph_table_paragraph_order" time="0.219" /><testcase classname="tests.test_document_parser_v3.DocumentParserV3Tests" name="test_half_pdf_pages_empty_requires_fallback" time="0.023" /><testcase classname="tests.test_document_parser_v3.DocumentParserV3Tests" name="test_one_blank_trailing_page_out_of_three_does_not_trigger_page_ratio_flag" time="0.016" /><testcase classname="tests.test_document_parser_v3.DocumentParserV3Tests" name="test_quality_gate_accepts_normal_resume_like_text" time="0.001" /><testcase classname="tests.test_document_parser_v3.DocumentParserV3Tests" name="test_quality_gate_rejects_too_short_text" time="0.001" /><testcase classname="tests.test_frontend_integration" name="test_cors_preflight[GET-/health-http://localhost:5173]" time="0.005" /><testcase classname="tests.test_frontend_integration" name="test_cors_preflight[GET-/health-http://127.0.0.1:5173]" time="0.003" /><testcase classname="tests.test_frontend_integration" name="test_cors_preflight[POST-/api/candidate-http://localhost:5173]" time="0.003" /><testcase classname="tests.test_frontend_integration" name="test_cors_preflight[POST-/api/candidate-http://127.0.0.1:5173]" time="0.002" /><testcase classname="tests.test_frontend_integration" name="test_cors_get_and_post[http://localhost:5173]" time="0.009" /><testcase classname="tests.test_frontend_integration" name="test_cors_get_and_post[http://127.0.0.1:5173]" time="0.009" /><testcase classname="tests.test_frontend_integration" name="test_cors_unapproved_origin_has_no_allow_header" time="0.007" /><testcase classname="tests.test_frontend_integration" name="test_cors_config_alias_and_no_wildcard" time="0.001" /><testcase classname="tests.test_frontend_integration" name="test_openapi_seven_routes_and_request_contracts" time="0.014" /><testcase classname="tests.test_frontend_integration" name="test_deployment_template_threshold_and_cors" time="0.005" /><testcase classname="tests.test_internal_resume_record_v3.InternalResumeRecordV3Tests" name="test_metadata_length_mismatch_is_rejected" time="0.007" /><testcase classname="tests.test_internal_resume_record_v3.InternalResumeRecordV3Tests" name="test_raw_platform_snapshot_is_rejected" time="0.009" /><testcase classname="tests.test_internal_resume_record_v3.InternalResumeRecordV3Tests" name="test_valid_internal_record_loads" time="0.011" /><testcase classname="tests.test_internal_resume_record_v3.V3DataSplitRegistryTests" name="test_recommended_smoke_records_are_development_only" time="0.002" /><testcase classname="tests.test_internal_resume_record_v3.V3DataSplitRegistryTests" name="test_split_counts_and_gap_are_locked" time="0.001" /><testcase classname="tests.test_learning_path_api_compatibility" name="test_graph_unavailable_is_http_200[U-True-EVIDENCE_INSUFFICIENT-VERIFY_FIRST]" time="0.088" /><testcase classname="tests.test_learning_path_api_compatibility" name="test_graph_unavailable_is_http_200[P1-False-MISSING-LEARN]" time="0.089" /><testcase classname="tests.test_learning_path_api_compatibility" name="test_graph_unavailable_is_http_200[P1-True-LEVEL_GAP-DEEPEN]" time="0.087" /><testcase classname="tests.test_learning_path_api_compatibility" name="test_available_graph_keeps_original_renderer_result[P1-True]" time="0.086" /><testcase classname="tests.test_learning_path_api_compatibility" name="test_available_graph_keeps_original_renderer_result[U-True]" time="0.089" /><testcase classname="tests.test_learning_path_api_compatibility" name="test_available_graph_keeps_original_renderer_result[P1-False]" time="0.106" /><testcase classname="tests.test_learning_path_api_compatibility" name="test_satisfied_without_graph_remains_no_action" time="0.087" /><testcase classname="tests.test_learning_path_api_compatibility" name="test_unknown_skill_fails_closed" time="0.084" /><testcase classname="tests.test_learning_path_api_compatibility" name="test_malformed_request_fails_closed[body0]" time="0.003" /><testcase classname="tests.test_learning_path_api_compatibility" name="test_malformed_request_fails_closed[body1]" time="0.003" /><testcase classname="tests.test_learning_path_api_compatibility" name="test_malformed_request_fails_closed[body2]" time="0.003" /><testcase classname="tests.test_learning_path_api_compatibility" name="test_known_frozen_conflict_and_adapter_nonmutation" time="0.081" /><testcase classname="tests.test_learning_path_api_compatibility" name="test_adapter_does_not_hide_other_planner_contract_errors" time="0.081" /><testcase classname="tests.test_learning_path_renderer.LearningPathRendererTests" name="test_01_missing_renders_learn_nodes_without_negative_capability_claim" time="0.004" /><testcase classname="tests.test_learning_path_renderer.LearningPathRendererTests" name="test_02_level_gap_renders_deepen_nodes_and_observed_required_levels" time="0.001" /><testcase classname="tests.test_learning_path_renderer.LearningPathRendererTests" name="test_03_level_gap_all_selected_nodes_achieved_renders_capstone_only" time="0.001" /><testcase classname="tests.test_learning_path_renderer.LearningPathRendererTests" name="test_04_u_renders_verify_first_only" time="0.001" /><testcase classname="tests.test_learning_path_renderer.LearningPathRendererTests" name="test_05_satisfied_renders_none_and_no_learning_nodes" time="0.001" /><testcase classname="tests.test_learning_path_renderer.LearningPathRendererTests" name="test_06_single_specialization_branch_is_preserved" time="0.001" /><testcase classname="tests.test_learning_path_renderer.LearningPathRendererTests" name="test_07_multiple_specialization_branches_are_preserved" time="0.001" /><testcase classname="tests.test_learning_path_renderer.LearningPathRendererTests" name="test_08_achieved_selected_specialization_extension_is_retained" time="0.001" /><testcase classname="tests.test_learning_path_renderer.LearningPathRendererTests" name="test_09_unrelated_specialization_is_never_rendered" time="0.001" /><testcase classname="tests.test_learning_path_renderer.LearningPathRendererTests" name="test_10_learning_node_order_is_byte_for_byte_preserved" time="0.001" /><testcase classname="tests.test_learning_path_renderer.LearningPathRendererTests" name="test_11_renderer_neither_invents_nor_deletes_learning_nodes" time="0.002" /><testcase classname="tests.test_learning_path_renderer.LearningPathRendererTests" name="test_12_completion_never_claims_automatic_proficiency_upgrade" time="0.001" /><testcase classname="tests.test_learning_path_renderer.LearningPathRendererTests" name="test_13_u_is_evidence_insufficient_not_low_capability" time="0.001" /><testcase classname="tests.test_learning_path_renderer.LearningPathRendererTests" name="test_14_same_input_has_byte_equivalent_canonical_output" time="0.007" /><testcase classname="tests.test_learning_path_renderer.LearningPathRendererTests" name="test_15_public_interface_has_no_external_selected_graph_input" time="0.001" /><testcase classname="tests.test_learning_path_renderer.LearningPathRendererTests" name="test_16_invented_selected_graph_node_cannot_be_injected_or_rendered" time="0.001" /><testcase classname="tests.test_learning_path_renderer.LearningPathRendererTests" name="test_17_achieved_node_ids_are_strictly_copied_from_planner" time="0.001" /><testcase classname="tests.test_learning_path_renderer.LearningPathRendererTests" name="test_18_specialization_extensions_are_strictly_copied_from_planner" time="0.001" /><testcase classname="tests.test_learning_path_stage1.LearningPathStage1Tests" name="test_achieved_child_does_not_infer_prerequisite_mastery" time="0.001" /><testcase classname="tests.test_learning_path_stage1.LearningPathStage1Tests" name="test_achievement_must_reference_a_node_in_the_matching_graph" time="0.001" /><testcase classname="tests.test_learning_path_stage1.LearningPathStage1Tests" name="test_auxiliary_skill_is_rejected_from_primary_engine" time="0.001" /><testcase classname="tests.test_learning_path_stage1.LearningPathStage1Tests" name="test_cyclic_development_graph_is_rejected" time="0.001" /><testcase classname="tests.test_learning_path_stage1.LearningPathStage1Tests" name="test_duplicate_node_ids_are_rejected" time="0.001" /><testcase classname="tests.test_learning_path_stage1.LearningPathStage1Tests" name="test_explicit_mention_alone_does_not_satisfy_skill" time="0.001" /><testcase classname="tests.test_learning_path_stage1.LearningPathStage1Tests" name="test_fixture_is_curated_six_node_rag_dag" time="0.001" /><testcase classname="tests.test_learning_path_stage1.LearningPathStage1Tests" name="test_invalid_achievement_mapping_basis_and_evidence_refs_are_rejected" time="0.001" /><testcase classname="tests.test_learning_path_stage1.LearningPathStage1Tests" name="test_invalid_prerequisite_is_rejected" time="0.001" /><testcase classname="tests.test_learning_path_stage1.LearningPathStage1Tests" name="test_lower_observed_proficiency_produces_deepen" time="0.001" /><testcase classname="tests.test_learning_path_stage1.LearningPathStage1Tests" name="test_missing_skill_produces_learn_path" time="0.001" /><testcase classname="tests.test_learning_path_stage1.LearningPathStage1Tests" name="test_parent_support_alone_does_not_prune_nodes" time="0.001" /><testcase classname="tests.test_learning_path_stage1.LearningPathStage1Tests" name="test_priority_order_is_stable_and_lexicographic" time="0.001" /><testcase classname="tests.test_learning_path_stage1.LearningPathStage1Tests" name="test_representative_results_are_deterministic" time="0.007" /><testcase classname="tests.test_learning_path_stage1.LearningPathStage1Tests" name="test_required_capability_scope_is_not_inferred_from_broad_level" time="0.001" /><testcase classname="tests.test_learning_path_stage1.LearningPathStage1Tests" name="test_satisfied_produces_none" time="0.001" /><testcase classname="tests.test_learning_path_stage1.LearningPathStage1Tests" name="test_u_produces_verify_first_not_learn_from_zero" time="0.001" /><testcase classname="tests.test_learning_path_stage1.LearningPathStage2B1BranchSelectionTests" name="test_achieved_targeted_specialization_is_pruned_after_selection" time="0.001" /><testcase classname="tests.test_learning_path_stage1.LearningPathStage2B1BranchSelectionTests" name="test_branch_selection_is_deterministic_across_100_runs" time="0.010" /><testcase classname="tests.test_learning_path_stage1.LearningPathStage2B1BranchSelectionTests" name="test_explicit_mention_matching_specialization_does_not_select_it" time="0.001" /><testcase classname="tests.test_learning_path_stage1.LearningPathStage2B1BranchSelectionTests" name="test_invalid_required_subskill_id_is_rejected" time="0.001" /><testcase classname="tests.test_learning_path_stage1.LearningPathStage2B1BranchSelectionTests" name="test_multiple_targeted_specializations_select_union_and_closure" time="0.001" /><testcase classname="tests.test_learning_path_stage1.LearningPathStage2B1BranchSelectionTests" name="test_no_required_subskills_selects_core_only" time="0.001" /><testcase classname="tests.test_learning_path_stage1.LearningPathStage2B1BranchSelectionTests" name="test_one_targeted_specialization_selects_its_prerequisite_closure" time="0.001" /><testcase classname="tests.test_learning_path_stage1.LearningPathStage2B15ReassessmentTests" name="test_capstone_does_not_mutate_or_assign_proficiency" time="0.001" /><testcase classname="tests.test_learning_path_stage1.LearningPathStage2B15ReassessmentTests" name="test_level_gap_all_selected_nodes_achieved_keeps_capstone" time="0.001" /><testcase classname="tests.test_learning_path_stage1.LearningPathStage2B15ReassessmentTests" name="test_level_gap_some_nodes_unachieved_returns_remaining_and_capstone" time="0.001" /><testcase classname="tests.test_learning_path_stage1.LearningPathStage2B15ReassessmentTests" name="test_missing_returns_learn_capstone_and_reassessment" time="0.001" /><testcase classname="tests.test_learning_path_stage1.LearningPathStage2B15ReassessmentTests" name="test_reassessment_output_is_deterministic_across_100_runs" time="0.010" /><testcase classname="tests.test_learning_path_stage1.LearningPathStage2B15ReassessmentTests" name="test_satisfied_returns_none_without_capstone_or_reassessment" time="0.001" /><testcase classname="tests.test_learning_path_stage1.LearningPathStage2B15ReassessmentTests" name="test_u_uses_verification_task_without_capstone" time="0.001" /><testcase classname="tests.test_learning_path_stage2b2.LearningPathStage2B2Tests" name="test_achieved_child_does_not_imply_prerequisites" time="0.005" /><testcase classname="tests.test_learning_path_stage2b2.LearningPathStage2B2Tests" name="test_all_selected_achieved_keeps_level_gap_capstone" time="0.002" /><testcase classname="tests.test_learning_path_stage2b2.LearningPathStage2B2Tests" name="test_beginner_default_selects_core_only_with_capstone" time="0.002" /><testcase classname="tests.test_learning_path_stage2b2.LearningPathStage2B2Tests" name="test_compact_schema_and_six_graph_ids" time="0.002" /><testcase classname="tests.test_learning_path_stage2b2.LearningPathStage2B2Tests" name="test_deterministic_across_100_runs_for_all_graphs" time="0.066" /><testcase classname="tests.test_learning_path_stage2b2.LearningPathStage2B2Tests" name="test_each_graph_topological_order_respects_every_edge" time="0.002" /><testcase classname="tests.test_learning_path_stage2b2.LearningPathStage2B2Tests" name="test_explicit_mention_never_selects_or_prunes_specialization" time="0.002" /><testcase classname="tests.test_learning_path_stage2b2.LearningPathStage2B2Tests" name="test_explicit_specialization_selects_only_target_branch_and_closure" time="0.002" /><testcase classname="tests.test_learning_path_stage2b2.LearningPathStage2B2Tests" name="test_invalid_specialization_id_rejected" time="0.002" /><testcase classname="tests.test_learning_path_stage2b2.LearningPathStage2B2Tests" name="test_multiple_specializations_form_union_with_closure" time="0.002" /><testcase classname="tests.test_learning_path_stage2b2.LearningPathStage2B2Tests" name="test_parent_support_without_achievement_prunes_nothing" time="0.002" /><testcase classname="tests.test_learning_path_stage2b2.LearningPathStage2B2Tests" name="test_partial_level_gap_prunes_only_evidence_grounded_achievements" time="0.002" /><testcase classname="tests.test_learning_path_stage2b2.LearningPathStage2B2Tests" name="test_prerequisites_exist_and_dag_is_acyclic" time="0.002" /><testcase classname="tests.test_learning_path_stage2b2.LearningPathStage2B2Tests" name="test_proficiency_is_never_mutated" time="0.002" /><testcase classname="tests.test_learning_path_stage2b2.LearningPathStage2B2Tests" name="test_rag_controlled_migration" time="0.001" /><testcase classname="tests.test_learning_path_stage2b2.LearningPathStage2B2Tests" name="test_satisfied_returns_none_without_capstone" time="0.002" /><testcase classname="tests.test_learning_path_stage2b2.LearningPathStage2B2Tests" name="test_source_refs_resolve_to_registry" time="0.001" /><testcase classname="tests.test_learning_path_stage2b2.LearningPathStage2B2Tests" name="test_u_uses_verification_only_for_every_graph" time="0.002" /><testcase classname="tests.test_learning_path_stage2b2.LearningPathStage2B2Tests" name="test_unique_node_ids" time="0.002" /><testcase classname="tests.test_learning_path_stage2b2.LearningPathStage2B2Tests" name="test_unrelated_specializations_are_excluded" time="0.002" /><testcase classname="tests.test_learning_path_stage2b2.LearningPathStage2B2SemanticFixTests" name="test_01_default_rag_has_no_specialization_extension" time="0.003" /><testcase classname="tests.test_learning_path_stage2b2.LearningPathStage2B2SemanticFixTests" name="test_02_targeted_rag_has_only_rag_05_extension" time="0.001" /><testcase classname="tests.test_learning_path_stage2b2.LearningPathStage2B2SemanticFixTests" name="test_03_default_ml_does_not_leak_specialization_extensions" time="0.001" /><testcase classname="tests.test_learning_path_stage2b2.LearningPathStage2B2SemanticFixTests" name="test_04_targeted_ml_has_only_selected_branch_extension" time="0.001" /><testcase classname="tests.test_learning_path_stage2b2.LearningPathStage2B2SemanticFixTests" name="test_05_achieved_selected_specialization_keeps_extension_after_pruning" time="0.001" /><testcase classname="tests.test_learning_path_stage2b2.LearningPathStage2B2SemanticFixTests" name="test_06_multiple_selected_specializations_return_only_their_extensions" time="0.001" /><testcase classname="tests.test_learning_path_stage2b2.LearningPathStage2B2SemanticFixTests" name="test_07_unrelated_specialization_extension_never_leaks" time="0.001" /><testcase classname="tests.test_learning_path_stage2b2.LearningPathStage2B2SemanticFixTests" name="test_08_all_six_default_core_paths_have_zero_extensions" time="0.002" /><testcase classname="tests.test_learning_path_stage2b2.LearningPathStage2B2SemanticFixTests" name="test_09_llm_verification_requires_real_parameter_or_adapter_update" time="0.001" /><testcase classname="tests.test_learning_path_stage2b2.LearningPathStage2B2SemanticFixTests" name="test_10_llm_verification_excludes_non_parameter_update_experiments" time="0.001" /><testcase classname="tests.test_learning_path_stage2b2.LearningPathStage2B2SemanticFixTests" name="test_11_stage2b1_branch_selection_is_unchanged" time="0.001" /><testcase classname="tests.test_learning_path_stage2b2.LearningPathStage2B2SemanticFixTests" name="test_12_stage2b15_all_achieved_reassessment_semantics_are_unchanged" time="0.001" /><testcase classname="tests.test_learning_path_stage2b2.LearningPathStage2B2SemanticFixTests" name="test_13_filtered_capstone_output_is_deterministic_across_100_runs" time="0.011" /><testcase classname="tests.test_occupation_warrant_v431.OccupationWarrantV431Tests" name="test_ai_algorithm_engineer_in_work_experience_supports_minimal_ai_skill" time="0.005" /><testcase classname="tests.test_occupation_warrant_v431.OccupationWarrantV431Tests" name="test_broad_algorithm_engineer_is_not_weakened_from_qualified_registry_pattern" time="0.003" /><testcase classname="tests.test_occupation_warrant_v431.OccupationWarrantV431Tests" name="test_direct_supported_has_precedence" time="0.003" /><testcase classname="tests.test_occupation_warrant_v431.OccupationWarrantV431Tests" name="test_frozen_registry_only_allows_eligible_ab_occupation_warrants" time="0.002" /><testcase classname="tests.test_occupation_warrant_v431.OccupationWarrantV431Tests" name="test_job_intention_alone_never_activates" time="0.002" /><testcase classname="tests.test_proficiency_evaluator.ProficiencyEvaluatorTests" name="test_complex_problem_with_judgment_supports_p3" time="0.002" /><testcase classname="tests.test_proficiency_evaluator.ProficiencyEvaluatorTests" name="test_defined_independent_task_supports_p2" time="0.001" /><testcase classname="tests.test_proficiency_evaluator.ProficiencyEvaluatorTests" name="test_insufficient_evidence_allows_u" time="0.001" /><testcase classname="tests.test_proficiency_evaluator.ProficiencyEvaluatorTests" name="test_markdown_wrapped_json_is_rejected" time="0.001" /><testcase classname="tests.test_proficiency_evaluator.ProficiencyEvaluatorTests" name="test_multiple_high_level_signals_support_p4" time="0.001" /><testcase classname="tests.test_proficiency_evaluator.ProficiencyEvaluatorTests" name="test_validator_flags_contradiction_without_changing_level" time="0.001" /><testcase classname="tests.test_r432_coverage_and_boundaries.R432CoverageAndBoundaryTests" name="test_ai01_application_only_is_not_machine_learning_support" time="0.002" /><testcase classname="tests.test_r432_coverage_and_boundaries.R432CoverageAndBoundaryTests" name="test_ai01_training_evidence_remains_supported" time="0.002" /><testcase classname="tests.test_r432_coverage_and_boundaries.R432CoverageAndBoundaryTests" name="test_coverage_adds_uncovered_work_and_project_responsibilities" time="0.001" /><testcase classname="tests.test_r432_coverage_and_boundaries.R432CoverageAndBoundaryTests" name="test_result_only_publication_summary_is_blocked_outside_publication_section" time="0.001" /><testcase classname="tests.test_r433_selector_recovery.R433SelectorRecoveryTests" name="test_failed_resume_wide_selector_recovers_in_small_batches" time="0.002" /><testcase classname="tests.test_r433_selector_recovery.R433SelectorRecoveryTests" name="test_persistent_selector_failure_keeps_lexical_hits" time="0.002" /><testcase classname="tests.test_r433_selector_recovery.R433SelectorRecoveryTests" name="test_persistent_selector_failure_never_triggers_all_registry_verification" time="0.002" /><testcase classname="tests.test_r434_fc_patch.R434SourceContextTests" name="test_campus_admin_tech_nouns_do_not_bypass_source_gate" time="0.002" /><testcase classname="tests.test_r434_fc_patch.R434SourceContextTests" name="test_direct_counterevidence_remains_eligible" time="0.003" /><testcase classname="tests.test_r434_fc_patch.R434SourceContextTests" name="test_strict_coverage_recovers_action_rich_intro_and_precise_work_topic" time="0.002" /><testcase classname="tests.test_r434_fc_patch.R434SourceContextTests" name="test_weak_context_is_blocked_only_for_the_affected_skill" time="0.003" /><testcase classname="tests.test_r434_fc_patch.R434CandidateRecallTests" name="test_algorithm_recall_uses_generic_behavior_patterns" time="0.002" /><testcase classname="tests.test_r434_fc_patch.R434CandidateRecallTests" name="test_generalized_recall_rules_are_bounded" time="0.043" /><testcase classname="tests.test_r434_fc_patch.R434CandidateRecallTests" name="test_recall_cooccurrence_must_be_within_one_evidence_item" time="0.008" /><testcase classname="tests.test_r43_policy_and_multilabel.R43Tests" name="test_lexical_hit_does_not_suppress_semantic_second_skill" time="0.002" /><testcase classname="tests.test_r43_policy_and_multilabel.R43Tests" name="test_result_only_and_nontechnical_campus_evidence_are_removed" time="0.001" /><testcase classname="tests.test_review_assessment_schema.ReviewAssessmentSchemaTests" name="test_blocking_and_non_blocking_issue_cannot_overlap" time="0.001" /><testcase classname="tests.test_review_assessment_schema.ReviewAssessmentSchemaTests" name="test_diagnostics_are_deep_copied" time="0.001" /><testcase classname="tests.test_review_assessment_schema.ReviewAssessmentSchemaTests" name="test_duplicate_component_id_is_rejected" time="0.001" /><testcase classname="tests.test_review_assessment_schema.ReviewAssessmentSchemaTests" name="test_duplicate_issue_is_rejected" time="0.001" /><testcase classname="tests.test_review_assessment_schema.ReviewAssessmentSchemaTests" name="test_duplicate_relocation_span_is_rejected" time="0.001" /><testcase classname="tests.test_review_assessment_schema.ReviewAssessmentSchemaTests" name="test_empty_subset_is_valid_for_oov_model_handoff" time="0.001" /><testcase classname="tests.test_review_assessment_schema.ReviewAssessmentSchemaTests" name="test_enum_values_match_shadow_contract" time="0.001" /><testcase classname="tests.test_review_assessment_schema.ReviewAssessmentSchemaTests" name="test_exact_evidence_requires_range_and_catalog_id" time="0.001" /><testcase classname="tests.test_review_assessment_schema.ReviewAssessmentSchemaTests" name="test_from_dict_does_not_modify_input" time="0.001" /><testcase classname="tests.test_review_assessment_schema.ReviewAssessmentSchemaTests" name="test_invalid_enum_is_rejected" time="0.001" /><testcase classname="tests.test_review_assessment_schema.ReviewAssessmentSchemaTests" name="test_model_review_component_must_be_ambiguous" time="0.001" /><testcase classname="tests.test_review_assessment_schema.ReviewAssessmentSchemaTests" name="test_non_deterministic_requirement_must_require_model" time="0.001" /><testcase classname="tests.test_review_assessment_schema.ReviewAssessmentSchemaTests" name="test_non_json_diagnostics_are_rejected" time="0.001" /><testcase classname="tests.test_review_assessment_schema.ReviewAssessmentSchemaTests" name="test_non_target_ambiguous_component_does_not_force_model_review" time="0.001" /><testcase classname="tests.test_review_assessment_schema.ReviewAssessmentSchemaTests" name="test_partially_met_requirement_is_supported_by_contract" time="0.001" /><testcase classname="tests.test_review_assessment_schema.ReviewAssessmentSchemaTests" name="test_partially_supported_component_is_supported_by_contract" time="0.001" /><testcase classname="tests.test_review_assessment_schema.ReviewAssessmentSchemaTests" name="test_requires_model_review_consistency" time="0.001" /><testcase classname="tests.test_review_assessment_schema.ReviewAssessmentSchemaTests" name="test_schema_version_is_strict" time="0.001" /><testcase classname="tests.test_review_assessment_schema.ReviewAssessmentSchemaTests" name="test_semantic_handoff_is_explicit_and_consistent" time="0.001" /><testcase classname="tests.test_review_assessment_schema.ReviewAssessmentSchemaTests" name="test_stable_serialization_and_json_round_trip" time="0.001" /><testcase classname="tests.test_review_assessment_schema.ReviewAssessmentSchemaTests" name="test_target_ambiguous_component_still_requires_model_review" time="0.001" /><testcase classname="tests.test_review_assessment_schema.ReviewAssessmentSchemaTests" name="test_trace_must_cover_subset_with_unique_ids" time="0.001" /><testcase classname="tests.test_review_assessment_schema.ReviewAssessmentSchemaTests" name="test_unknown_and_missing_result_fields_are_rejected" time="0.001" /><testcase classname="tests.test_review_assessment_schema.ReviewAssessmentSchemaTests" name="test_unknown_nested_fields_are_rejected" time="0.001" /><testcase classname="tests.test_review_assessment_schema.ReviewAssessmentSchemaTests" name="test_unknown_trace_reason_is_rejected" time="0.001" /><testcase classname="tests.test_runtime_observability" name="test_timing_delegates_without_changing_request_or_result" time="0.016" /><testcase classname="tests.test_runtime_observability" name="test_failure_type_only_no_exception_body" time="0.011" /><testcase classname="tests.test_runtime_observability" name="test_partial_final_log_line_is_safe" time="0.010" /><testcase classname="tests.test_runtime_observability" name="test_worker_real_frozen_parser_preflight_only" time="0.333" /><testcase classname="tests.test_runtime_observability" name="test_service_consumes_child_source_without_second_parse" time="0.031" /><testcase classname="tests.test_runtime_observability" name="test_unknown_timing_fields_refused" time="0.002" /><testcase classname="tests.test_target_job_profile_adapter_v11.AdapterV11RealDataTests" name="test_bridge_gap_semantics" time="0.083" /><testcase classname="tests.test_target_job_profile_adapter_v11.AdapterV11RealDataTests" name="test_real_algorithm_engineer_levels" time="0.001" /><testcase classname="tests.test_target_job_profile_adapter_v11.AdapterV11RealDataTests" name="test_real_dual_taxonomy_gate" time="0.001" /><testcase classname="tests.test_target_job_profile_adapter_v11.AdapterV11RealDataTests" name="test_real_missing_primary_proficiency_is_excluded_not_u" time="0.082" /><testcase classname="tests.test_target_job_profile_adapter_v11.AdapterV11SyntheticContractTests" name="test_bridge_rejects_unfrozen_or_ineligible_contract" time="0.001" /><testcase classname="tests.test_target_job_profile_adapter_v11.AdapterV11SyntheticContractTests" name="test_semantic_taxonomy_drift_rejected_but_name_drift_allowed" time="0.001" /><testcase classname="tests.test_team_skill_auditor_v3.TeamSkillAuditorV3Tests" name="test_aggregate_signal_requires_two_distinct_experiences" time="0.002" /><testcase classname="tests.test_team_skill_auditor_v3.TeamSkillAuditorV3Tests" name="test_missing_quote_downgrades_supported" time="0.002" /><testcase classname="tests.test_team_skill_auditor_v3.TeamSkillAuditorV3Tests" name="test_unlocated_quote_cannot_self_validate" time="0.002" /><testcase classname="tests.test_team_skill_candidate_generator_v3.TeamSkillCandidateGeneratorV3Tests" name="test_recall_safe_fallback_does_not_guess_supported_skill" time="0.005" /><testcase classname="tests.test_team_skill_candidate_generator_v3.TeamSkillCandidateGeneratorV3Tests" name="test_retrieves_relevant_team_skill" time="0.005" /><testcase classname="tests.test_team_skill_fallback_selector_v3.FallbackSelectorTests" name="test_contract_retry" time="0.004" /><testcase classname="tests.test_team_skill_fallback_selector_v3.FallbackSelectorTests" name="test_unknown_skill_is_rejected_after_retry" time="0.003" /><testcase classname="tests.test_team_skill_fallback_selector_v3.FallbackSelectorTests" name="test_valid_selection" time="0.002" /><testcase classname="tests.test_team_skill_fallback_selector_v4_reliability.FallbackSelectorV4ReliabilityTests" name="test_model_response_error_is_normalized_for_pipeline_guard" time="0.001" /><testcase classname="tests.test_team_skill_fallback_selector_v4_reliability.FallbackSelectorV4ReliabilityTests" name="test_selector_uses_larger_reasoning_budget" time="0.001" /><testcase classname="tests.test_team_skill_proficiency_bridge_v434.TeamSkillProficiencyBridgeV434Tests" name="test_direct_supported_skill_becomes_assessable" time="0.001" /><testcase classname="tests.test_team_skill_proficiency_bridge_v434.TeamSkillProficiencyBridgeV434Tests" name="test_evidence_spans_are_preserved" time="0.001" /><testcase classname="tests.test_team_skill_proficiency_bridge_v434.TeamSkillProficiencyBridgeV434Tests" name="test_existing_evaluator_accepts_bridge_contract_with_fake_client" time="0.002" /><testcase classname="tests.test_team_skill_proficiency_bridge_v434.TeamSkillProficiencyBridgeV434Tests" name="test_optional_target_filter_does_not_promote_ineligible_skills" time="0.001" /><testcase classname="tests.test_team_skill_proficiency_bridge_v434.TeamSkillProficiencyBridgeV434Tests" name="test_partial_unsupported_warrant_and_aggregate_are_skipped" time="0.001" /><testcase classname="tests.test_team_skill_registry_v3.TeamSkillRegistryV3Tests" name="test_aliases_are_candidate_retrieval_only" time="0.006" /><testcase classname="tests.test_team_skill_registry_v3.TeamSkillRegistryV3Tests" name="test_generic_model_evaluation_does_not_retrieve_llm_selection_skill" time="0.004" /><testcase classname="tests.test_team_skill_registry_v3.TeamSkillRegistryV3Tests" name="test_loads_exact_shared_skill_set" time="0.002" /><testcase classname="tests.test_team_skill_registry_v3.TeamSkillRegistryV3Tests" name="test_metric_roles_partition_registry" time="0.002" /><testcase classname="tests.test_team_skill_registry_v3.TeamSkillRegistryV3Tests" name="test_semantic_scores_can_be_injected_without_network_dependency" time="0.005" /><testcase classname="tests.test_team_skill_registry_v3.TeamSkillRegistryV3Tests" name="test_short_ascii_alias_does_not_match_inside_longer_token" time="0.004" /><testcase classname="tests.test_team_skill_schema_v3.TeamSkillSchemaV3Tests" name="test_supported_skill_requires_evidence" time="0.001" /><testcase classname="tests.test_team_skill_schema_v3.TeamSkillSchemaV3Tests" name="test_valid_supported_assessment" time="0.001" /><testcase classname="tests.test_team_skill_verifier_v3.TeamSkillVerifierV3Tests" name="test_contract_retry_can_recover" time="0.004" /><testcase classname="tests.test_team_skill_verifier_v3.TeamSkillVerifierV3Tests" name="test_refuses_candidate_without_located_evidence" time="0.002" /><testcase classname="tests.test_team_skill_verifier_v3.TeamSkillVerifierV3Tests" name="test_rejects_invented_skill_after_retry" time="0.002" /><testcase classname="tests.test_team_skill_verifier_v3.TeamSkillVerifierV3Tests" name="test_strict_candidate_set" time="0.002" /><testcase classname="tests.test_team_skill_verifier_v3.TeamSkillVerifierV3Tests" name="test_strict_json_rejects_duplicate_keys_and_nan" time="0.001" /></testsuite></testsuites>