{"total": {"lines":{"total":4570,"covered":4136,"skipped":0,"pct":90.5},"statements":{"total":4570,"covered":4136,"skipped":0,"pct":90.5},"functions":{"total":235,"covered":211,"skipped":0,"pct":89.78},"branches":{"total":1469,"covered":1137,"skipped":0,"pct":77.39},"branchesTrue":{"total":0,"covered":0,"skipped":0,"pct":100}}
,"C:\\Users\\Lenovo\\AppData\\Local\\Temp\\claude\\D--fcc-Challenge-cup\\1795d65e-ddcd-4431-8b38-aff0733854f1\\scratchpad\\jyyp-jobgraph\\frontend\\src\\api\\client.ts": {"lines":{"total":21,"covered":19,"skipped":0,"pct":90.47},"functions":{"total":3,"covered":3,"skipped":0,"pct":100},"statements":{"total":21,"covered":19,"skipped":0,"pct":90.47},"branches":{"total":8,"covered":6,"skipped":0,"pct":75}}
,"C:\\Users\\Lenovo\\AppData\\Local\\Temp\\claude\\D--fcc-Challenge-cup\\1795d65e-ddcd-4431-8b38-aff0733854f1\\scratchpad\\jyyp-jobgraph\\frontend\\src\\api\\matchApi.ts": {"lines":{"total":89,"covered":84,"skipped":0,"pct":94.38},"functions":{"total":13,"covered":11,"skipped":0,"pct":84.61},"statements":{"total":89,"covered":84,"skipped":0,"pct":94.38},"branches":{"total":22,"covered":16,"skipped":0,"pct":72.72}}
,"C:\\Users\\Lenovo\\AppData\\Local\\Temp\\claude\\D--fcc-Challenge-cup\\1795d65e-ddcd-4431-8b38-aff0733854f1\\scratchpad\\jyyp-jobgraph\\frontend\\src\\components\\Icon.tsx": {"lines":{"total":60,"covered":60,"skipped":0,"pct":100},"functions":{"total":1,"covered":1,"skipped":0,"pct":100},"statements":{"total":60,"covered":60,"skipped":0,"pct":100},"branches":{"total":2,"covered":2,"skipped":0,"pct":100}}
,"C:\\Users\\Lenovo\\AppData\\Local\\Temp\\claude\\D--fcc-Challenge-cup\\1795d65e-ddcd-4431-8b38-aff0733854f1\\scratchpad\\jyyp-jobgraph\\frontend\\src\\components\\TopBar.tsx": {"lines":{"total":131,"covered":124,"skipped":0,"pct":94.65},"functions":{"total":10,"covered":6,"skipped":0,"pct":60},"statements":{"total":131,"covered":124,"skipped":0,"pct":94.65},"branches":{"total":30,"covered":26,"skipped":0,"pct":86.66}}
,"C:\\Users\\Lenovo\\AppData\\Local\\Temp\\claude\\D--fcc-Challenge-cup\\1795d65e-ddcd-4431-8b38-aff0733854f1\\scratchpad\\jyyp-jobgraph\\frontend\\src\\components\\common\\DataWindowBadge.tsx": {"lines":{"total":60,"covered":58,"skipped":0,"pct":96.66},"functions":{"total":5,"covered":4,"skipped":0,"pct":80},"statements":{"total":60,"covered":58,"skipped":0,"pct":96.66},"branches":{"total":14,"covered":13,"skipped":0,"pct":92.85}}
,"C:\\Users\\Lenovo\\AppData\\Local\\Temp\\claude\\D--fcc-Challenge-cup\\1795d65e-ddcd-4431-8b38-aff0733854f1\\scratchpad\\jyyp-jobgraph\\frontend\\src\\components\\common\\DemoTag.tsx": {"lines":{"total":35,"covered":31,"skipped":0,"pct":88.57},"functions":{"total":4,"covered":2,"skipped":0,"pct":50},"statements":{"total":35,"covered":31,"skipped":0,"pct":88.57},"branches":{"total":12,"covered":11,"skipped":0,"pct":91.66}}
,"C:\\Users\\Lenovo\\AppData\\Local\\Temp\\claude\\D--fcc-Challenge-cup\\1795d65e-ddcd-4431-8b38-aff0733854f1\\scratchpad\\jyyp-jobgraph\\frontend\\src\\components\\common\\HelpTip.tsx": {"lines":{"total":36,"covered":36,"skipped":0,"pct":100},"functions":{"total":4,"covered":4,"skipped":0,"pct":100},"statements":{"total":36,"covered":36,"skipped":0,"pct":100},"branches":{"total":14,"covered":12,"skipped":0,"pct":85.71}}
,"C:\\Users\\Lenovo\\AppData\\Local\\Temp\\claude\\D--fcc-Challenge-cup\\1795d65e-ddcd-4431-8b38-aff0733854f1\\scratchpad\\jyyp-jobgraph\\frontend\\src\\components\\common\\JumpDock.tsx": {"lines":{"total":25,"covered":25,"skipped":0,"pct":100},"functions":{"total":1,"covered":1,"skipped":0,"pct":100},"statements":{"total":25,"covered":25,"skipped":0,"pct":100},"branches":{"total":7,"covered":6,"skipped":0,"pct":85.71}}
,"C:\\Users\\Lenovo\\AppData\\Local\\Temp\\claude\\D--fcc-Challenge-cup\\1795d65e-ddcd-4431-8b38-aff0733854f1\\scratchpad\\jyyp-jobgraph\\frontend\\src\\components\\common\\NextSteps.tsx": {"lines":{"total":33,"covered":30,"skipped":0,"pct":90.9},"functions":{"total":1,"covered":1,"skipped":0,"pct":100},"statements":{"total":33,"covered":30,"skipped":0,"pct":90.9},"branches":{"total":5,"covered":4,"skipped":0,"pct":80}}
,"C:\\Users\\Lenovo\\AppData\\Local\\Temp\\claude\\D--fcc-Challenge-cup\\1795d65e-ddcd-4431-8b38-aff0733854f1\\scratchpad\\jyyp-jobgraph\\frontend\\src\\components\\common\\PageGuide.tsx": {"lines":{"total":35,"covered":35,"skipped":0,"pct":100},"functions":{"total":2,"covered":1,"skipped":0,"pct":50},"statements":{"total":35,"covered":35,"skipped":0,"pct":100},"branches":{"total":4,"covered":4,"skipped":0,"pct":100}}
,"C:\\Users\\Lenovo\\AppData\\Local\\Temp\\claude\\D--fcc-Challenge-cup\\1795d65e-ddcd-4431-8b38-aff0733854f1\\scratchpad\\jyyp-jobgraph\\frontend\\src\\components\\common\\Panel.tsx": {"lines":{"total":15,"covered":15,"skipped":0,"pct":100},"functions":{"total":1,"covered":1,"skipped":0,"pct":100},"statements":{"total":15,"covered":15,"skipped":0,"pct":100},"branches":{"total":1,"covered":1,"skipped":0,"pct":100}}
,"C:\\Users\\Lenovo\\AppData\\Local\\Temp\\claude\\D--fcc-Challenge-cup\\1795d65e-ddcd-4431-8b38-aff0733854f1\\scratchpad\\jyyp-jobgraph\\frontend\\src\\components\\common\\ScrollTop.tsx": {"lines":{"total":8,"covered":8,"skipped":0,"pct":100},"functions":{"total":1,"covered":1,"skipped":0,"pct":100},"statements":{"total":8,"covered":8,"skipped":0,"pct":100},"branches":{"total":2,"covered":2,"skipped":0,"pct":100}}
,"C:\\Users\\Lenovo\\AppData\\Local\\Temp\\claude\\D--fcc-Challenge-cup\\1795d65e-ddcd-4431-8b38-aff0733854f1\\scratchpad\\jyyp-jobgraph\\frontend\\src\\components\\common\\Tooltip.tsx": {"lines":{"total":19,"covered":19,"skipped":0,"pct":100},"functions":{"total":1,"covered":1,"skipped":0,"pct":100},"statements":{"total":19,"covered":19,"skipped":0,"pct":100},"branches":{"total":5,"covered":5,"skipped":0,"pct":100}}
,"C:\\Users\\Lenovo\\AppData\\Local\\Temp\\claude\\D--fcc-Challenge-cup\\1795d65e-ddcd-4431-8b38-aff0733854f1\\scratchpad\\jyyp-jobgraph\\frontend\\src\\components\\common\\WelcomeGuide.tsx": {"lines":{"total":61,"covered":58,"skipped":0,"pct":95.08},"functions":{"total":5,"covered":2,"skipped":0,"pct":40},"statements":{"total":61,"covered":58,"skipped":0,"pct":95.08},"branches":{"total":8,"covered":8,"skipped":0,"pct":100}}
,"C:\\Users\\Lenovo\\AppData\\Local\\Temp\\claude\\D--fcc-Challenge-cup\\1795d65e-ddcd-4431-8b38-aff0733854f1\\scratchpad\\jyyp-jobgraph\\frontend\\src\\components\\common\\guideContext.ts": {"lines":{"total":3,"covered":3,"skipped":0,"pct":100},"functions":{"total":1,"covered":1,"skipped":0,"pct":100},"statements":{"total":3,"covered":3,"skipped":0,"pct":100},"branches":{"total":1,"covered":1,"skipped":0,"pct":100}}
,"C:\\Users\\Lenovo\\AppData\\Local\\Temp\\claude\\D--fcc-Challenge-cup\\1795d65e-ddcd-4431-8b38-aff0733854f1\\scratchpad\\jyyp-jobgraph\\frontend\\src\\data\\authenticity.ts": {"lines":{"total":261,"covered":247,"skipped":0,"pct":94.63},"functions":{"total":9,"covered":9,"skipped":0,"pct":100},"statements":{"total":261,"covered":247,"skipped":0,"pct":94.63},"branches":{"total":111,"covered":72,"skipped":0,"pct":64.86}}
,"C:\\Users\\Lenovo\\AppData\\Local\\Temp\\claude\\D--fcc-Challenge-cup\\1795d65e-ddcd-4431-8b38-aff0733854f1\\scratchpad\\jyyp-jobgraph\\frontend\\src\\data\\explore.ts": {"lines":{"total":720,"covered":700,"skipped":0,"pct":97.22},"functions":{"total":27,"covered":26,"skipped":0,"pct":96.29},"statements":{"total":720,"covered":700,"skipped":0,"pct":97.22},"branches":{"total":307,"covered":239,"skipped":0,"pct":77.85}}
,"C:\\Users\\Lenovo\\AppData\\Local\\Temp\\claude\\D--fcc-Challenge-cup\\1795d65e-ddcd-4431-8b38-aff0733854f1\\scratchpad\\jyyp-jobgraph\\frontend\\src\\data\\jobProfile.ts": {"lines":{"total":200,"covered":199,"skipped":0,"pct":99.5},"functions":{"total":13,"covered":13,"skipped":0,"pct":100},"statements":{"total":200,"covered":199,"skipped":0,"pct":99.5},"branches":{"total":87,"covered":65,"skipped":0,"pct":74.71}}
,"C:\\Users\\Lenovo\\AppData\\Local\\Temp\\claude\\D--fcc-Challenge-cup\\1795d65e-ddcd-4431-8b38-aff0733854f1\\scratchpad\\jyyp-jobgraph\\frontend\\src\\data\\jobSpace.ts": {"lines":{"total":381,"covered":373,"skipped":0,"pct":97.9},"functions":{"total":11,"covered":11,"skipped":0,"pct":100},"statements":{"total":381,"covered":373,"skipped":0,"pct":97.9},"branches":{"total":154,"covered":133,"skipped":0,"pct":86.36}}
,"C:\\Users\\Lenovo\\AppData\\Local\\Temp\\claude\\D--fcc-Challenge-cup\\1795d65e-ddcd-4431-8b38-aff0733854f1\\scratchpad\\jyyp-jobgraph\\frontend\\src\\data\\jobviz.ts": {"lines":{"total":254,"covered":249,"skipped":0,"pct":98.03},"functions":{"total":14,"covered":14,"skipped":0,"pct":100},"statements":{"total":254,"covered":249,"skipped":0,"pct":98.03},"branches":{"total":71,"covered":50,"skipped":0,"pct":70.42}}
,"C:\\Users\\Lenovo\\AppData\\Local\\Temp\\claude\\D--fcc-Challenge-cup\\1795d65e-ddcd-4431-8b38-aff0733854f1\\scratchpad\\jyyp-jobgraph\\frontend\\src\\data\\journey.ts": {"lines":{"total":58,"covered":58,"skipped":0,"pct":100},"functions":{"total":3,"covered":3,"skipped":0,"pct":100},"statements":{"total":58,"covered":58,"skipped":0,"pct":100},"branches":{"total":12,"covered":12,"skipped":0,"pct":100}}
,"C:\\Users\\Lenovo\\AppData\\Local\\Temp\\claude\\D--fcc-Challenge-cup\\1795d65e-ddcd-4431-8b38-aff0733854f1\\scratchpad\\jyyp-jobgraph\\frontend\\src\\data\\matchLive.ts": {"lines":{"total":249,"covered":224,"skipped":0,"pct":89.95},"functions":{"total":11,"covered":11,"skipped":0,"pct":100},"statements":{"total":249,"covered":224,"skipped":0,"pct":89.95},"branches":{"total":86,"covered":52,"skipped":0,"pct":60.46}}
,"C:\\Users\\Lenovo\\AppData\\Local\\Temp\\claude\\D--fcc-Challenge-cup\\1795d65e-ddcd-4431-8b38-aff0733854f1\\scratchpad\\jyyp-jobgraph\\frontend\\src\\data\\matchLiveDerived.ts": {"lines":{"total":460,"covered":215,"skipped":0,"pct":46.73},"functions":{"total":18,"covered":12,"skipped":0,"pct":66.66},"statements":{"total":460,"covered":215,"skipped":0,"pct":46.73},"branches":{"total":93,"covered":74,"skipped":0,"pct":79.56}}
,"C:\\Users\\Lenovo\\AppData\\Local\\Temp\\claude\\D--fcc-Challenge-cup\\1795d65e-ddcd-4431-8b38-aff0733854f1\\scratchpad\\jyyp-jobgraph\\frontend\\src\\data\\matching.ts": {"lines":{"total":443,"covered":419,"skipped":0,"pct":94.58},"functions":{"total":18,"covered":18,"skipped":0,"pct":100},"statements":{"total":443,"covered":419,"skipped":0,"pct":94.58},"branches":{"total":187,"covered":138,"skipped":0,"pct":73.79}}
,"C:\\Users\\Lenovo\\AppData\\Local\\Temp\\claude\\D--fcc-Challenge-cup\\1795d65e-ddcd-4431-8b38-aff0733854f1\\scratchpad\\jyyp-jobgraph\\frontend\\src\\data\\provinces.ts": {"lines":{"total":94,"covered":94,"skipped":0,"pct":100},"functions":{"total":4,"covered":4,"skipped":0,"pct":100},"statements":{"total":94,"covered":94,"skipped":0,"pct":100},"branches":{"total":14,"covered":14,"skipped":0,"pct":100}}
,"C:\\Users\\Lenovo\\AppData\\Local\\Temp\\claude\\D--fcc-Challenge-cup\\1795d65e-ddcd-4431-8b38-aff0733854f1\\scratchpad\\jyyp-jobgraph\\frontend\\src\\data\\searchSeed.ts": {"lines":{"total":16,"covered":16,"skipped":0,"pct":100},"functions":{"total":1,"covered":1,"skipped":0,"pct":100},"statements":{"total":16,"covered":16,"skipped":0,"pct":100},"branches":{"total":9,"covered":9,"skipped":0,"pct":100}}
,"C:\\Users\\Lenovo\\AppData\\Local\\Temp\\claude\\D--fcc-Challenge-cup\\1795d65e-ddcd-4431-8b38-aff0733854f1\\scratchpad\\jyyp-jobgraph\\frontend\\src\\hooks\\useDevGraphs.ts": {"lines":{"total":25,"covered":0,"skipped":0,"pct":0},"functions":{"total":1,"covered":0,"skipped":0,"pct":0},"statements":{"total":25,"covered":0,"skipped":0,"pct":0},"branches":{"total":1,"covered":0,"skipped":0,"pct":0}}
,"C:\\Users\\Lenovo\\AppData\\Local\\Temp\\claude\\D--fcc-Challenge-cup\\1795d65e-ddcd-4431-8b38-aff0733854f1\\scratchpad\\jyyp-jobgraph\\frontend\\src\\hooks\\useMatchBackend.ts": {"lines":{"total":322,"covered":301,"skipped":0,"pct":93.47},"functions":{"total":14,"covered":13,"skipped":0,"pct":92.85},"statements":{"total":322,"covered":301,"skipped":0,"pct":93.47},"branches":{"total":91,"covered":68,"skipped":0,"pct":74.72}}
,"C:\\Users\\Lenovo\\AppData\\Local\\Temp\\claude\\D--fcc-Challenge-cup\\1795d65e-ddcd-4431-8b38-aff0733854f1\\scratchpad\\jyyp-jobgraph\\frontend\\src\\hooks\\useSize.ts": {"lines":{"total":29,"covered":29,"skipped":0,"pct":100},"functions":{"total":2,"covered":2,"skipped":0,"pct":100},"statements":{"total":29,"covered":29,"skipped":0,"pct":100},"branches":{"total":13,"covered":8,"skipped":0,"pct":61.53}}
,"C:\\Users\\Lenovo\\AppData\\Local\\Temp\\claude\\D--fcc-Challenge-cup\\1795d65e-ddcd-4431-8b38-aff0733854f1\\scratchpad\\jyyp-jobgraph\\frontend\\src\\hooks\\useZoomPan.ts": {"lines":{"total":117,"covered":101,"skipped":0,"pct":86.32},"functions":{"total":5,"covered":3,"skipped":0,"pct":60},"statements":{"total":117,"covered":101,"skipped":0,"pct":86.32},"branches":{"total":24,"covered":19,"skipped":0,"pct":79.16}}
,"C:\\Users\\Lenovo\\AppData\\Local\\Temp\\claude\\D--fcc-Challenge-cup\\1795d65e-ddcd-4431-8b38-aff0733854f1\\scratchpad\\jyyp-jobgraph\\frontend\\src\\pages\\Landing.tsx": {"lines":{"total":87,"covered":87,"skipped":0,"pct":100},"functions":{"total":1,"covered":1,"skipped":0,"pct":100},"statements":{"total":87,"covered":87,"skipped":0,"pct":100},"branches":{"total":6,"covered":5,"skipped":0,"pct":83.33}}
,"C:\\Users\\Lenovo\\AppData\\Local\\Temp\\claude\\D--fcc-Challenge-cup\\1795d65e-ddcd-4431-8b38-aff0733854f1\\scratchpad\\jyyp-jobgraph\\frontend\\src\\utils\\format.ts": {"lines":{"total":36,"covered":36,"skipped":0,"pct":100},"functions":{"total":10,"covered":10,"skipped":0,"pct":100},"statements":{"total":36,"covered":36,"skipped":0,"pct":100},"branches":{"total":16,"covered":16,"skipped":0,"pct":100}}
,"C:\\Users\\Lenovo\\AppData\\Local\\Temp\\claude\\D--fcc-Challenge-cup\\1795d65e-ddcd-4431-8b38-aff0733854f1\\scratchpad\\jyyp-jobgraph\\frontend\\src\\utils\\rng.ts": {"lines":{"total":39,"covered":39,"skipped":0,"pct":100},"functions":{"total":9,"covered":9,"skipped":0,"pct":100},"statements":{"total":39,"covered":39,"skipped":0,"pct":100},"branches":{"total":14,"covered":14,"skipped":0,"pct":100}}
,"C:\\Users\\Lenovo\\AppData\\Local\\Temp\\claude\\D--fcc-Challenge-cup\\1795d65e-ddcd-4431-8b38-aff0733854f1\\scratchpad\\jyyp-jobgraph\\frontend\\src\\utils\\viz.ts": {"lines":{"total":148,"covered":144,"skipped":0,"pct":97.29},"functions":{"total":11,"covered":11,"skipped":0,"pct":100},"statements":{"total":148,"covered":144,"skipped":0,"pct":97.29},"branches":{"total":38,"covered":32,"skipped":0,"pct":84.21}}
}
